\BOOKMARK [1][-]{section*.5}{读者}{}% 1
\BOOKMARK [0][-]{chapter.1}{简介}{}% 2
\BOOKMARK [1][-]{section*.8}{官方文档}{chapter.1}% 3
\BOOKMARK [1][-]{section*.9}{Hello\040World}{chapter.1}% 4
\BOOKMARK [1][-]{section*.10}{编译和运行代码}{chapter.1}% 5
\BOOKMARK [1][-]{section*.11}{本书使用的设置}{chapter.1}% 6
\BOOKMARK [1][-]{section*.12}{变量、类型和关键字}{chapter.1}% 7
\BOOKMARK [1][-]{section*.20}{运算符和内建函数}{chapter.1}% 8
\BOOKMARK [1][-]{section*.22}{Go 关键字}{chapter.1}% 9
\BOOKMARK [1][-]{section*.24}{控制结构}{chapter.1}% 10
\BOOKMARK [1][-]{section*.31}{内建函数}{chapter.1}% 11
\BOOKMARK [1][-]{section*.33}{array、slices 和 map}{chapter.1}% 12
\BOOKMARK [1][-]{section*.38}{练习}{chapter.1}% 13
\BOOKMARK [1][-]{section*.39}{答案}{chapter.1}% 14
\BOOKMARK [0][-]{chapter.2}{函数}{}% 15
\BOOKMARK [1][-]{section*.40}{作用域}{chapter.2}% 16
\BOOKMARK [1][-]{section*.41}{多值返回}{chapter.2}% 17
\BOOKMARK [1][-]{section*.42}{命名返回值}{chapter.2}% 18
\BOOKMARK [1][-]{section*.43}{延迟代码}{chapter.2}% 19
\BOOKMARK [1][-]{section*.44}{变参}{chapter.2}% 20
\BOOKMARK [1][-]{section*.45}{函数作为值}{chapter.2}% 21
\BOOKMARK [1][-]{section*.46}{回调}{chapter.2}% 22
\BOOKMARK [1][-]{section*.47}{恐慌（Panic）和恢复（Recover）}{chapter.2}% 23
\BOOKMARK [1][-]{section*.48}{练习}{chapter.2}% 24
\BOOKMARK [1][-]{section*.50}{答案}{chapter.2}% 25
\BOOKMARK [0][-]{chapter.3}{包}{}% 26
\BOOKMARK [1][-]{section*.51}{标识符}{chapter.3}% 27
\BOOKMARK [1][-]{section*.53}{包的文档}{chapter.3}% 28
\BOOKMARK [1][-]{section*.54}{测试包}{chapter.3}% 29
\BOOKMARK [1][-]{section*.55}{常用的包}{chapter.3}% 30
\BOOKMARK [1][-]{section*.56}{练习}{chapter.3}% 31
\BOOKMARK [1][-]{section*.57}{答案}{chapter.3}% 32
\BOOKMARK [0][-]{chapter.4}{进阶}{}% 33
\BOOKMARK [1][-]{section*.58}{内存分配}{chapter.4}% 34
\BOOKMARK [1][-]{section*.62}{定义自己的类型}{chapter.4}% 35
\BOOKMARK [1][-]{section*.65}{转换}{chapter.4}% 36
\BOOKMARK [1][-]{section*.68}{组合}{chapter.4}% 37
\BOOKMARK [1][-]{section*.69}{练习}{chapter.4}% 38
\BOOKMARK [1][-]{section*.70}{答案}{chapter.4}% 39
\BOOKMARK [0][-]{chapter.5}{接口}{}% 40
\BOOKMARK [1][-]{section*.73}{方法}{chapter.5}% 41
\BOOKMARK [1][-]{section*.76}{接口名字}{chapter.5}% 42
\BOOKMARK [1][-]{section*.77}{简短的例子}{chapter.5}% 43
\BOOKMARK [1][-]{section*.81}{练习}{chapter.5}% 44
\BOOKMARK [1][-]{section*.82}{答案}{chapter.5}% 45
\BOOKMARK [0][-]{chapter.6}{并发}{}% 46
\BOOKMARK [1][-]{section*.84}{更多关于 channel}{chapter.6}% 47
\BOOKMARK [1][-]{section*.87}{练习}{chapter.6}% 48
\BOOKMARK [1][-]{section*.88}{答案}{chapter.6}% 49
\BOOKMARK [0][-]{chapter.7}{通讯}{}% 50
\BOOKMARK [1][-]{section*.89}{io.Reader}{chapter.7}% 51
\BOOKMARK [1][-]{section*.90}{一些例子}{chapter.7}% 52
\BOOKMARK [1][-]{section*.91}{命令行参数}{chapter.7}% 53
\BOOKMARK [1][-]{section*.92}{执行命令}{chapter.7}% 54
\BOOKMARK [1][-]{section*.93}{网络}{chapter.7}% 55
\BOOKMARK [1][-]{section*.94}{练习}{chapter.7}% 56
\BOOKMARK [1][-]{section*.95}{答案}{chapter.7}% 57
\BOOKMARK [0][-]{appendix.A}{版权}{}% 58
\BOOKMARK [1][-]{section*.96}{贡献者}{appendix.A}% 59
\BOOKMARK [1][-]{section*.99}{许可证和版权}{appendix.A}% 60
\BOOKMARK [0][-]{appendix.B}{索引}{}% 61
\BOOKMARK [0][-]{appendix.C}{Bibliography}{}% 62
